<?xml version="1.0" encoding="UTF-8"?>
<!-- Generated by org.testng.reporters.JUnitXMLReporter -->
<testsuite ignored="0" hostname="DESKTOP-UOLKNP7" failures="0" tests="1" name="Default test" time="0.101" errors="0" timestamp="2023-05-29T15:13:04 IST">
  <testcase classname="cibo_WarrentGenriclib.BaseClass" name="@BeforeClass config_BC" time="-1.685353384475E9">
    <failure type="org.testng.TestNGException" message="
Parameter &amp;apos;BROWSER&amp;apos; is required by BeforeClass on method config_BC but has not been marked @Optional or defined
in C:\Users\User\AppData\Local\Temp\testng-eclipse--1016369100\testng-customsuite.xml">
      <![CDATA[org.testng.TestNGException: 
Parameter 'BROWSER' is required by BeforeClass on method config_BC but has not been marked @Optional or defined
in C:\Users\User\AppData\Local\Temp\testng-eclipse--1016369100\testng-customsuite.xml
at org.testng.internal.Parameters.createParams(Parameters.java:270)
at org.testng.internal.Parameters.createParametersForMethod(Parameters.java:358)
at org.testng.internal.Parameters.createParameters(Parameters.java:700)
at org.testng.internal.Parameters.createConfigurationParameters(Parameters.java:168)
at org.testng.internal.ConfigInvoker.invokeConfigurations(ConfigInvoker.java:302)
at org.testng.internal.TestMethodWorker.invokeBeforeClassMethods(TestMethodWorker.java:176)
at org.testng.internal.TestMethodWorker.run(TestMethodWorker.java:122)
at java.base/java.util.ArrayList.forEach(ArrayList.java:1541)
at org.testng.TestRunner.privateRun(TestRunner.java:794)
at org.testng.TestRunner.run(TestRunner.java:596)
at org.testng.SuiteRunner.runTest(SuiteRunner.java:377)
at org.testng.SuiteRunner.runSequentially(SuiteRunner.java:371)
at org.testng.SuiteRunner.privateRun(SuiteRunner.java:332)
at org.testng.SuiteRunner.run(SuiteRunner.java:276)
at org.testng.SuiteRunnerWorker.runSuite(SuiteRunnerWorker.java:53)
at org.testng.SuiteRunnerWorker.run(SuiteRunnerWorker.java:96)
at org.testng.TestNG.runSuitesSequentially(TestNG.java:1212)
at org.testng.TestNG.runSuitesLocally(TestNG.java:1134)
at org.testng.TestNG.runSuites(TestNG.java:1063)
at org.testng.TestNG.run(TestNG.java:1031)
at org.testng.remote.AbstractRemoteTestNG.run(AbstractRemoteTestNG.java:115)
at org.testng.remote.RemoteTestNG.initAndRun(RemoteTestNG.java:251)
at org.testng.remote.RemoteTestNG.main(RemoteTestNG.java:77)
]]>
    </failure>
  </testcase> <!-- @BeforeClass config_BC -->
  <testcase classname="cibo_WarrentGenriclib.BaseClass" name="@BeforeMethod config_BMLogin" time="-1.685353384522E9">
    <skipped/>
  </testcase> <!-- @BeforeMethod config_BMLogin -->
  <testcase classname="cibo_WarrentGenriclib.BaseClass" name="@AfterMethod confid_AMLogout" time="-1.685353384537E9">
    <skipped/>
  </testcase> <!-- @AfterMethod confid_AMLogout -->
  <testcase classname="cibo_WarrentGenriclib.BaseClass" name="@AfterClass config_ACCloseBrowser" time="-1.685353384544E9">
    <skipped/>
  </testcase> <!-- @AfterClass config_ACCloseBrowser -->
  <testcase classname="testNGimplentation.AddRestaurantByUsingTestNgTest" name="script_addrestaurant" time="0.0">
    <skipped/>
  </testcase> <!-- script_addrestaurant -->
</testsuite> <!-- Default test -->
